{"C:\\Users\\Alexis\\IdeaProjects\\DiscordBot\\src\\commands\\blacklist.js": {"path":"C:\\Users\\Alexis\\IdeaProjects\\DiscordBot\\src\\commands\\blacklist.js","statementMap":{"0":{"start":{"line":1,"column":46},"end":{"line":1,"column":76}},"1":{"start":{"line":2,"column":21},"end":{"line":2,"column":57}},"2":{"start":{"line":3,"column":22},"end":{"line":3,"column":59}},"3":{"start":{"line":4,"column":24},"end":{"line":4,"column":63}},"4":{"start":{"line":6,"column":74},"end":{"line":6,"column":95}},"5":{"start":{"line":8,"column":0},"end":{"line":89,"column":2}},"6":{"start":{"line":16,"column":3},"end":{"line":22,"column":4}},"7":{"start":{"line":19,"column":4},"end":{"line":21,"column":22}},"8":{"start":{"line":25,"column":3},"end":{"line":31,"column":4}},"9":{"start":{"line":28,"column":4},"end":{"line":30,"column":22}},"10":{"start":{"line":34,"column":3},"end":{"line":35,"column":63}},"11":{"start":{"line":41,"column":21},"end":{"line":41,"column":56}},"12":{"start":{"line":44,"column":5},"end":{"line":87,"column":6}},"13":{"start":{"line":46,"column":28},"end":{"line":46,"column":63}},"14":{"start":{"line":47,"column":26},"end":{"line":47,"column":51}},"15":{"start":{"line":48,"column":4},"end":{"line":48,"column":55}},"16":{"start":{"line":49,"column":21},"end":{"line":51,"column":24}},"17":{"start":{"line":52,"column":10},"end":{"line":55,"column":7}},"18":{"start":{"line":56,"column":10},"end":{"line":56,"column":16}},"19":{"start":{"line":59,"column":31},"end":{"line":59,"column":66}},"20":{"start":{"line":60,"column":20},"end":{"line":60,"column":36}},"21":{"start":{"line":61,"column":4},"end":{"line":72,"column":5}},"22":{"start":{"line":64,"column":26},"end":{"line":66,"column":37}},"23":{"start":{"line":68,"column":11},"end":{"line":71,"column":7}},"24":{"start":{"line":73,"column":10},"end":{"line":73,"column":16}},"25":{"start":{"line":76,"column":24},"end":{"line":76,"column":79}},"26":{"start":{"line":78,"column":23},"end":{"line":78,"column":45}},"27":{"start":{"line":79,"column":22},"end":{"line":81,"column":39}},"28":{"start":{"line":82,"column":10},"end":{"line":85,"column":7}},"29":{"start":{"line":86,"column":9},"end":{"line":86,"column":15}}},"fnMap":{"0":{"name":"(anonymous_0)","decl":{"start":{"line":15,"column":17},"end":{"line":15,"column":18}},"loc":{"start":{"line":16,"column":3},"end":{"line":22,"column":4}},"line":16},"1":{"name":"(anonymous_1)","decl":{"start":{"line":18,"column":18},"end":{"line":18,"column":19}},"loc":{"start":{"line":19,"column":4},"end":{"line":21,"column":22}},"line":19},"2":{"name":"(anonymous_2)","decl":{"start":{"line":24,"column":17},"end":{"line":24,"column":18}},"loc":{"start":{"line":25,"column":3},"end":{"line":31,"column":4}},"line":25},"3":{"name":"(anonymous_3)","decl":{"start":{"line":27,"column":18},"end":{"line":27,"column":19}},"loc":{"start":{"line":28,"column":4},"end":{"line":30,"column":22}},"line":28},"4":{"name":"(anonymous_4)","decl":{"start":{"line":33,"column":17},"end":{"line":33,"column":18}},"loc":{"start":{"line":34,"column":3},"end":{"line":35,"column":63}},"line":34},"5":{"name":"(anonymous_5)","decl":{"start":{"line":40,"column":4},"end":{"line":40,"column":5}},"loc":{"start":{"line":40,"column":31},"end":{"line":88,"column":2}},"line":40},"6":{"name":"(anonymous_6)","decl":{"start":{"line":62,"column":11},"end":{"line":62,"column":12}},"loc":{"start":{"line":62,"column":30},"end":{"line":72,"column":4}},"line":62}},"branchMap":{"0":{"loc":{"start":{"line":44,"column":5},"end":{"line":87,"column":6}},"type":"switch","locations":[{"start":{"line":45,"column":8},"end":{"line":56,"column":16}},{"start":{"line":58,"column":8},"end":{"line":73,"column":16}},{"start":{"line":75,"column":8},"end":{"line":86,"column":15}}],"line":44}},"s":{"0":1,"1":1,"2":1,"3":1,"4":1,"5":1,"6":1,"7":1,"8":1,"9":1,"10":1,"11":3,"12":3,"13":1,"14":1,"15":1,"16":1,"17":1,"18":1,"19":1,"20":1,"21":1,"22":1,"23":1,"24":1,"25":1,"26":1,"27":1,"28":1,"29":1},"f":{"0":1,"1":1,"2":1,"3":1,"4":1,"5":3,"6":1},"b":{"0":[1,1,1]},"_coverageSchema":"1a1c01bbd47fc00a2c39e90264f33305004495a9","hash":"016485992c618947a5a2037f85ed51d599e24dbc"}
,"C:\\Users\\Alexis\\IdeaProjects\\DiscordBot\\src\\commands\\help.js": {"path":"C:\\Users\\Alexis\\IdeaProjects\\DiscordBot\\src\\commands\\help.js","statementMap":{"0":{"start":{"line":1,"column":46},"end":{"line":1,"column":76}},"1":{"start":{"line":2,"column":30},"end":{"line":2,"column":51}},"2":{"start":{"line":4,"column":0},"end":{"line":45,"column":2}},"3":{"start":{"line":11,"column":15},"end":{"line":21,"column":6}},"4":{"start":{"line":23,"column":20},"end":{"line":26,"column":27}},"5":{"start":{"line":28,"column":8},"end":{"line":37,"column":9}},"6":{"start":{"line":29,"column":27},"end":{"line":29,"column":43}},"7":{"start":{"line":30,"column":26},"end":{"line":30,"column":37}},"8":{"start":{"line":31,"column":26},"end":{"line":31,"column":37}},"9":{"start":{"line":33,"column":10},"end":{"line":36,"column":13}},"10":{"start":{"line":39,"column":4},"end":{"line":43,"column":7}}},"fnMap":{"0":{"name":"(anonymous_0)","decl":{"start":{"line":10,"column":4},"end":{"line":10,"column":5}},"loc":{"start":{"line":10,"column":31},"end":{"line":44,"column":4}},"line":10}},"branchMap":{},"s":{"0":1,"1":1,"2":1,"3":1,"4":1,"5":1,"6":9,"7":9,"8":9,"9":9,"10":1},"f":{"0":1},"b":{},"_coverageSchema":"1a1c01bbd47fc00a2c39e90264f33305004495a9","hash":"127808de99463c1d2834bc61508d728ed9367471"}
,"C:\\Users\\Alexis\\IdeaProjects\\DiscordBot\\src\\commands\\ping.js": {"path":"C:\\Users\\Alexis\\IdeaProjects\\DiscordBot\\src\\commands\\ping.js","statementMap":{"0":{"start":{"line":1,"column":32},"end":{"line":1,"column":62}},"1":{"start":{"line":2,"column":30},"end":{"line":2,"column":51}},"2":{"start":{"line":5,"column":0},"end":{"line":14,"column":2}},"3":{"start":{"line":12,"column":2},"end":{"line":12,"column":35}}},"fnMap":{"0":{"name":"(anonymous_0)","decl":{"start":{"line":11,"column":4},"end":{"line":11,"column":5}},"loc":{"start":{"line":11,"column":31},"end":{"line":13,"column":2}},"line":11}},"branchMap":{},"s":{"0":1,"1":1,"2":1,"3":1},"f":{"0":1},"b":{},"_coverageSchema":"1a1c01bbd47fc00a2c39e90264f33305004495a9","hash":"6f2fcae2a09294fe819aa4c44802ce78bc34116d"}
,"C:\\Users\\Alexis\\IdeaProjects\\DiscordBot\\src\\commands\\timer.js": {"path":"C:\\Users\\Alexis\\IdeaProjects\\DiscordBot\\src\\commands\\timer.js","statementMap":{"0":{"start":{"line":2,"column":32},"end":{"line":2,"column":62}},"1":{"start":{"line":3,"column":38},"end":{"line":3,"column":59}},"2":{"start":{"line":4,"column":21},"end":{"line":4,"column":42}},"3":{"start":{"line":6,"column":0},"end":{"line":25,"column":2}},"4":{"start":{"line":13,"column":22},"end":{"line":13,"column":49}},"5":{"start":{"line":14,"column":17},"end":{"line":14,"column":26}},"6":{"start":{"line":15,"column":24},"end":{"line":15,"column":34}},"7":{"start":{"line":16,"column":4},"end":{"line":16,"column":54}},"8":{"start":{"line":17,"column":23},"end":{"line":17,"column":40}},"9":{"start":{"line":18,"column":23},"end":{"line":18,"column":55}},"10":{"start":{"line":19,"column":21},"end":{"line":19,"column":43}},"11":{"start":{"line":20,"column":4},"end":{"line":23,"column":7}}},"fnMap":{"0":{"name":"(anonymous_0)","decl":{"start":{"line":12,"column":2},"end":{"line":12,"column":3}},"loc":{"start":{"line":12,"column":29},"end":{"line":24,"column":3}},"line":12}},"branchMap":{},"s":{"0":1,"1":1,"2":1,"3":1,"4":1,"5":1,"6":1,"7":1,"8":1,"9":1,"10":1,"11":1},"f":{"0":1},"b":{},"_coverageSchema":"1a1c01bbd47fc00a2c39e90264f33305004495a9","hash":"9d84e3e916d99d61bf7439d8c6dcbcaf3ffecae4"}
}
