TN:
SF:src\commands\blacklist.js
FN:15,(anonymous_0)
FN:18,(anonymous_1)
FN:24,(anonymous_2)
FN:27,(anonymous_3)
FN:33,(anonymous_4)
FN:40,(anonymous_5)
FN:62,(anonymous_6)
FNF:7
FNH:7
FNDA:1,(anonymous_0)
FNDA:1,(anonymous_1)
FNDA:1,(anonymous_2)
FNDA:1,(anonymous_3)
FNDA:1,(anonymous_4)
FNDA:3,(anonymous_5)
FNDA:1,(anonymous_6)
DA:1,1
DA:2,1
DA:3,1
DA:4,1
DA:6,1
DA:8,1
DA:16,1
DA:19,1
DA:25,1
DA:28,1
DA:34,1
DA:41,3
DA:44,3
DA:46,1
DA:47,1
DA:48,1
DA:49,1
DA:52,1
DA:56,1
DA:59,1
DA:60,1
DA:61,1
DA:64,1
DA:68,1
DA:73,1
DA:76,1
DA:78,1
DA:79,1
DA:82,1
DA:86,1
LF:30
LH:30
BRDA:44,0,0,1
BRDA:44,0,1,1
BRDA:44,0,2,1
BRF:3
BRH:3
end_of_record
TN:
SF:src\commands\help.js
FN:10,(anonymous_0)
FNF:1
FNH:1
FNDA:1,(anonymous_0)
DA:1,1
DA:2,1
DA:4,1
DA:11,1
DA:23,1
DA:28,1
DA:29,9
DA:30,9
DA:31,9
DA:33,9
DA:39,1
LF:11
LH:11
BRF:0
BRH:0
end_of_record
TN:
SF:src\commands\ping.js
FN:11,(anonymous_0)
FNF:1
FNH:1
FNDA:1,(anonymous_0)
DA:1,1
DA:2,1
DA:5,1
DA:12,1
LF:4
LH:4
BRF:0
BRH:0
end_of_record
TN:
SF:src\commands\timer.js
FN:12,(anonymous_0)
FNF:1
FNH:1
FNDA:1,(anonymous_0)
DA:2,1
DA:3,1
DA:4,1
DA:6,1
DA:13,1
DA:14,1
DA:15,1
DA:16,1
DA:17,1
DA:18,1
DA:19,1
DA:20,1
LF:12
LH:12
BRF:0
BRH:0
end_of_record
